{"level":"info","message":"connecting to database","timestamp":"2015-03-08T06:08:31.057Z"}
{"level":"info","message":"connecting to database","timestamp":"2015-03-08T06:10:54.749Z"}
{"level":"info","message":"calling the graph api","timestamp":"2015-03-08T06:10:54.807Z"}
{"level":"info","message":"starting the People GraphAPI","timestamp":"2015-03-08T06:28:05.515Z"}
{"level":"info","message":"connected to database","timestamp":"2015-03-08T06:28:05.530Z"}
{"level":"info","message":"calling the graph api","timestamp":"2015-03-08T06:28:05.584Z"}
{"level":"info","message":"Running the app on port 3000","timestamp":"2015-03-08T06:28:05.593Z"}
{"level":"info","message":"started search by phone number end-point","timestamp":"2015-03-08T06:28:37.402Z"}
{"level":"info","message":"started search by name end-point","timestamp":"2015-03-08T06:28:38.979Z"}
{"level":"info","message":"started search by address end-point","timestamp":"2015-03-08T06:28:39.023Z"}
{"level":"info","message":"started search by phone number end-point","timestamp":"2015-03-08T06:28:39.053Z"}
{"status":"200 OK","level":"info","message":"","timestamp":"2015-03-08T06:28:39.164Z"}
{"level":"info","message":"started search by friends end-point","timestamp":"2015-03-08T06:28:39.165Z"}
{"level":"info","message":"started search by phone number end-point","timestamp":"2015-03-08T06:30:13.902Z"}
{"level":"info","message":"started search by name end-point","timestamp":"2015-03-08T06:30:13.933Z"}
{"level":"info","message":"started search by address end-point","timestamp":"2015-03-08T06:30:13.970Z"}
{"status":"200 OK","level":"info","message":"","timestamp":"2015-03-08T06:30:14.007Z"}
{"level":"info","message":"started search by phone number end-point","timestamp":"2015-03-08T06:30:14.009Z"}
{"level":"info","message":"started search by friends end-point","timestamp":"2015-03-08T06:30:14.043Z"}
{"level":"info","message":"starting the People GraphAPI","timestamp":"2015-03-08T06:35:41.234Z"}
{"level":"info","message":"connected to database","timestamp":"2015-03-08T06:35:41.301Z"}
{"level":"info","message":"calling the graph api","timestamp":"2015-03-08T06:35:41.571Z"}
{"level":"info","message":"Running the app on port 3000","timestamp":"2015-03-08T06:35:41.580Z"}
{"level":"info","message":"started search by company end-point","timestamp":"2015-03-08T06:35:46.808Z"}
{"status":"200 OK","level":"info","message":"","timestamp":"2015-03-08T06:35:46.998Z"}
{"level":"info","message":"starting the People GraphAPI","timestamp":"2015-03-08T06:36:08.649Z"}
{"level":"info","message":"connected to database","timestamp":"2015-03-08T06:36:08.664Z"}
{"level":"info","message":"calling the graph api","timestamp":"2015-03-08T06:36:08.721Z"}
{"level":"info","message":"Running the app on port 3000","timestamp":"2015-03-08T06:36:08.729Z"}
{"level":"info","message":"started search by company end-point","timestamp":"2015-03-08T06:36:12.231Z"}
{"status":"200 OK","level":"info","message":"","timestamp":"2015-03-08T06:36:12.351Z"}
{"level":"info","message":"starting the People GraphAPI","timestamp":"2015-03-08T06:37:28.046Z"}
{"level":"info","message":"connected to database","timestamp":"2015-03-08T06:37:28.084Z"}
{"level":"info","message":"calling the graph api","timestamp":"2015-03-08T06:37:28.225Z"}
{"level":"info","message":"Running the app on port 3000","timestamp":"2015-03-08T06:37:28.234Z"}
{"level":"info","message":"started search by company end-point","timestamp":"2015-03-08T06:37:31.463Z"}
{"status":"200 OK","level":"info","message":"","timestamp":"2015-03-08T06:37:31.637Z"}
{"level":"info","message":"started search by phone number end-point","timestamp":"2015-03-08T06:38:31.054Z"}
{"level":"info","message":"started search by name end-point","timestamp":"2015-03-08T06:38:31.094Z"}
{"level":"info","message":"started search by address end-point","timestamp":"2015-03-08T06:38:31.133Z"}
{"level":"info","message":"started search by company end-point","timestamp":"2015-03-08T06:38:31.163Z"}
{"status":"200 OK","level":"info","message":"","timestamp":"2015-03-08T06:38:31.224Z"}
{"level":"info","message":"started search by friends end-point","timestamp":"2015-03-08T06:38:31.225Z"}
{"level":"info","message":"started search by phone number end-point","timestamp":"2015-03-08T06:40:13.435Z"}
{"level":"info","message":"started search by name end-point","timestamp":"2015-03-08T06:40:13.464Z"}
{"level":"info","message":"started search by address end-point","timestamp":"2015-03-08T06:40:13.505Z"}
{"level":"info","message":"started search by company end-point","timestamp":"2015-03-08T06:40:13.535Z"}
{"status":"200 OK","level":"info","message":"","timestamp":"2015-03-08T06:40:13.630Z"}
{"level":"info","message":"started search by friends end-point","timestamp":"2015-03-08T06:40:13.632Z"}
{"level":"info","message":"starting the People GraphAPI","timestamp":"2015-03-08T06:42:10.963Z"}
{"level":"info","message":"connected to database","timestamp":"2015-03-08T06:42:10.978Z"}
{"level":"info","message":"calling the graph api","timestamp":"2015-03-08T06:42:11.032Z"}
{"level":"info","message":"Running the app on port 3000","timestamp":"2015-03-08T06:42:11.041Z"}
{"level":"info","message":"started search by phone number end-point","timestamp":"2015-03-08T06:42:21.028Z"}
{"level":"info","message":"started search by name end-point","timestamp":"2015-03-08T06:42:21.080Z"}
{"level":"info","message":"started search by address end-point","timestamp":"2015-03-08T06:42:21.120Z"}
{"level":"info","message":"started search by company end-point","timestamp":"2015-03-08T06:42:21.156Z"}
{"status":"200 OK","level":"info","message":"","timestamp":"2015-03-08T06:42:21.247Z"}
{"level":"info","message":"params Celgra","timestamp":"2015-03-08T06:42:21.248Z"}
{"level":"info","message":"started search by friends end-point","timestamp":"2015-03-08T06:42:21.249Z"}
{"level":"info","message":"starting the People GraphAPI","timestamp":"2015-03-08T06:45:14.038Z"}
{"level":"info","message":"connected to database","timestamp":"2015-03-08T06:45:14.054Z"}
{"level":"info","message":"calling the graph api","timestamp":"2015-03-08T06:45:14.109Z"}
{"level":"info","message":"Running the app on port 3000","timestamp":"2015-03-08T06:45:14.118Z"}
{"level":"info","message":"started search by phone number end-point","timestamp":"2015-03-08T06:45:19.877Z"}
{"status":"200 OK","level":"info","message":"","timestamp":"2015-03-08T06:45:19.929Z"}
{"level":"info","message":"params 805-532-3775","timestamp":"2015-03-08T06:45:19.930Z"}
{"level":"info","message":"started search by name end-point","timestamp":"2015-03-08T06:45:19.934Z"}
{"level":"info","message":"started search by address end-point","timestamp":"2015-03-08T06:45:19.973Z"}
{"level":"info","message":"started search by company end-point","timestamp":"2015-03-08T06:45:20.004Z"}
{"level":"info","message":"started search by friends end-point","timestamp":"2015-03-08T06:45:20.031Z"}
{"level":"info","message":"started search by phone number end-point","timestamp":"2015-03-08T06:45:39.312Z"}
{"level":"info","message":"started search by name end-point","timestamp":"2015-03-08T06:45:39.339Z"}
{"level":"info","message":"started search by address end-point","timestamp":"2015-03-08T06:45:39.384Z"}
{"status":"200 OK","level":"info","message":"","timestamp":"2015-03-08T06:45:39.418Z"}
{"level":"info","message":"params 30851, Fremont, Wooster Street","timestamp":"2015-03-08T06:45:39.419Z"}
{"level":"info","message":"started search by company end-point","timestamp":"2015-03-08T06:45:39.420Z"}
{"level":"info","message":"started search by friends end-point","timestamp":"2015-03-08T06:45:39.449Z"}
{"level":"info","message":"started search by company end-point","timestamp":"2015-03-08T06:46:04.613Z"}
{"status":"200 OK","level":"info","message":"","timestamp":"2015-03-08T06:46:04.733Z"}
{"level":"info","message":"params Celgra","timestamp":"2015-03-08T06:46:04.734Z"}
{"level":"info","message":"started search by phone number end-point","timestamp":"2015-03-08T06:46:19.060Z"}
{"status":"200 OK","level":"info","message":"","timestamp":"2015-03-08T06:46:19.089Z"}
{"level":"info","message":"params 805-532-3775","timestamp":"2015-03-08T06:46:19.090Z"}
{"level":"info","message":"starting the People GraphAPI","timestamp":"2015-03-08T08:43:05.443Z"}
{"level":"info","message":"connected to database","timestamp":"2015-03-08T08:43:05.459Z"}
{"level":"info","message":"calling the graph api","timestamp":"2015-03-08T08:43:05.912Z"}
{"level":"info","message":"Running the app on port 3000","timestamp":"2015-03-08T08:43:05.921Z"}
{"date":"Sun Mar 08 2015 11:43:05 GMT+0300 (EAT)","process":{"pid":3802,"uid":1000,"gid":1000,"cwd":"/home/oyugik/node/expresswebpages","execPath":"/usr/local/bin/node","version":"v0.10.29","argv":["node","/home/oyugik/node/expresswebpages/app.js"],"memoryUsage":{"rss":25526272,"heapTotal":18488448,"heapUsed":10493780}},"os":{"loadavg":[1.744140625,1.94287109375,1.04541015625],"uptime":435.598748007},"trace":[{"column":74,"file":"/home/oyugik/node/expresswebpages/node_modules/mongoose/node_modules/mongodb/lib/mongodb/connection/server.js","function":"","line":555,"method":null,"native":false},{"column":17,"file":"events.js","function":"emit","line":106,"method":null,"native":false},{"column":15,"file":"/home/oyugik/node/expresswebpages/node_modules/mongoose/node_modules/mongodb/lib/mongodb/connection/connection_pool.js","function":"","line":150,"method":null,"native":false},{"column":17,"file":"events.js","function":"emit","line":98,"method":null,"native":false},{"column":10,"file":"/home/oyugik/node/expresswebpages/node_modules/mongoose/node_modules/mongodb/lib/mongodb/connection/connection.js","function":"","line":534,"method":null,"native":false},{"column":17,"file":"events.js","function":"Socket.emit","line":95,"method":"emit","native":false},{"column":14,"file":"net.js","function":null,"line":440,"method":null,"native":false},{"column":13,"file":"node.js","function":"process._tickCallback","line":419,"method":"_tickCallback","native":false}],"stack":["Error: failed to connect to [localhost:27017]","    at null.<anonymous> (/home/oyugik/node/expresswebpages/node_modules/mongoose/node_modules/mongodb/lib/mongodb/connection/server.js:555:74)","    at emit (events.js:106:17)","    at null.<anonymous> (/home/oyugik/node/expresswebpages/node_modules/mongoose/node_modules/mongodb/lib/mongodb/connection/connection_pool.js:150:15)","    at emit (events.js:98:17)","    at Socket.<anonymous> (/home/oyugik/node/expresswebpages/node_modules/mongoose/node_modules/mongodb/lib/mongodb/connection/connection.js:534:10)","    at Socket.emit (events.js:95:17)","    at net.js:440:14","    at process._tickCallback (node.js:419:13)"],"level":"error","message":"uncaughtException: failed to connect to [localhost:27017]","timestamp":"2015-03-08T08:43:05.933Z"}
{"level":"info","message":"starting the People GraphAPI","timestamp":"2015-03-08T08:44:14.900Z"}
{"level":"info","message":"connected to database","timestamp":"2015-03-08T08:44:14.924Z"}
{"level":"info","message":"calling the graph api","timestamp":"2015-03-08T08:44:15.226Z"}
{"level":"info","message":"Running the app on port 3000","timestamp":"2015-03-08T08:44:15.235Z"}
{"level":"info","message":"started search by company end-point","timestamp":"2015-03-08T08:44:19.694Z"}
{"status":"200 OK","level":"info","message":"","timestamp":"2015-03-08T08:44:21.748Z"}
{"level":"info","message":"params Celgra","timestamp":"2015-03-08T08:44:21.749Z"}
