{"level":"info","message":"connecting to database","timestamp":"2015-03-08T06:08:31.057Z"}
{"level":"info","message":"connecting to database","timestamp":"2015-03-08T06:10:54.749Z"}
{"level":"info","message":"calling the graph api","timestamp":"2015-03-08T06:10:54.807Z"}
{"level":"info","message":"starting the People GraphAPI","timestamp":"2015-03-08T06:28:05.515Z"}
{"level":"info","message":"connected to database","timestamp":"2015-03-08T06:28:05.530Z"}
{"level":"info","message":"calling the graph api","timestamp":"2015-03-08T06:28:05.584Z"}
{"level":"info","message":"Running the app on port 3000","timestamp":"2015-03-08T06:28:05.593Z"}
{"level":"info","message":"started search by phone number end-point","timestamp":"2015-03-08T06:28:37.402Z"}
{"level":"info","message":"started search by name end-point","timestamp":"2015-03-08T06:28:38.979Z"}
{"level":"info","message":"started search by address end-point","timestamp":"2015-03-08T06:28:39.023Z"}
{"level":"info","message":"started search by phone number end-point","timestamp":"2015-03-08T06:28:39.053Z"}
{"status":"200 OK","level":"info","message":"","timestamp":"2015-03-08T06:28:39.164Z"}
{"level":"info","message":"started search by friends end-point","timestamp":"2015-03-08T06:28:39.165Z"}
{"level":"info","message":"started search by phone number end-point","timestamp":"2015-03-08T06:30:13.902Z"}
{"level":"info","message":"started search by name end-point","timestamp":"2015-03-08T06:30:13.933Z"}
{"level":"info","message":"started search by address end-point","timestamp":"2015-03-08T06:30:13.970Z"}
{"status":"200 OK","level":"info","message":"","timestamp":"2015-03-08T06:30:14.007Z"}
{"level":"info","message":"started search by phone number end-point","timestamp":"2015-03-08T06:30:14.009Z"}
{"level":"info","message":"started search by friends end-point","timestamp":"2015-03-08T06:30:14.043Z"}
{"level":"info","message":"starting the People GraphAPI","timestamp":"2015-03-08T06:35:41.234Z"}
{"level":"info","message":"connected to database","timestamp":"2015-03-08T06:35:41.301Z"}
{"level":"info","message":"calling the graph api","timestamp":"2015-03-08T06:35:41.571Z"}
{"level":"info","message":"Running the app on port 3000","timestamp":"2015-03-08T06:35:41.580Z"}
{"level":"info","message":"started search by company end-point","timestamp":"2015-03-08T06:35:46.808Z"}
{"status":"200 OK","level":"info","message":"","timestamp":"2015-03-08T06:35:46.998Z"}
{"level":"info","message":"starting the People GraphAPI","timestamp":"2015-03-08T06:36:08.649Z"}
{"level":"info","message":"connected to database","timestamp":"2015-03-08T06:36:08.664Z"}
{"level":"info","message":"calling the graph api","timestamp":"2015-03-08T06:36:08.721Z"}
{"level":"info","message":"Running the app on port 3000","timestamp":"2015-03-08T06:36:08.729Z"}
{"level":"info","message":"started search by company end-point","timestamp":"2015-03-08T06:36:12.231Z"}
{"status":"200 OK","level":"info","message":"","timestamp":"2015-03-08T06:36:12.351Z"}
{"level":"info","message":"starting the People GraphAPI","timestamp":"2015-03-08T06:37:28.046Z"}
{"level":"info","message":"connected to database","timestamp":"2015-03-08T06:37:28.084Z"}
{"level":"info","message":"calling the graph api","timestamp":"2015-03-08T06:37:28.225Z"}
{"level":"info","message":"Running the app on port 3000","timestamp":"2015-03-08T06:37:28.234Z"}
{"level":"info","message":"started search by company end-point","timestamp":"2015-03-08T06:37:31.463Z"}
{"status":"200 OK","level":"info","message":"","timestamp":"2015-03-08T06:37:31.637Z"}
{"level":"info","message":"started search by phone number end-point","timestamp":"2015-03-08T06:38:31.054Z"}
{"level":"info","message":"started search by name end-point","timestamp":"2015-03-08T06:38:31.094Z"}
{"level":"info","message":"started search by address end-point","timestamp":"2015-03-08T06:38:31.133Z"}
{"level":"info","message":"started search by company end-point","timestamp":"2015-03-08T06:38:31.163Z"}
{"status":"200 OK","level":"info","message":"","timestamp":"2015-03-08T06:38:31.224Z"}
{"level":"info","message":"started search by friends end-point","timestamp":"2015-03-08T06:38:31.225Z"}
{"level":"info","message":"started search by phone number end-point","timestamp":"2015-03-08T06:40:13.435Z"}
{"level":"info","message":"started search by name end-point","timestamp":"2015-03-08T06:40:13.464Z"}
{"level":"info","message":"started search by address end-point","timestamp":"2015-03-08T06:40:13.505Z"}
{"level":"info","message":"started search by company end-point","timestamp":"2015-03-08T06:40:13.535Z"}
{"status":"200 OK","level":"info","message":"","timestamp":"2015-03-08T06:40:13.630Z"}
{"level":"info","message":"started search by friends end-point","timestamp":"2015-03-08T06:40:13.632Z"}
{"level":"info","message":"starting the People GraphAPI","timestamp":"2015-03-08T06:42:10.963Z"}
{"level":"info","message":"connected to database","timestamp":"2015-03-08T06:42:10.978Z"}
{"level":"info","message":"calling the graph api","timestamp":"2015-03-08T06:42:11.032Z"}
{"level":"info","message":"Running the app on port 3000","timestamp":"2015-03-08T06:42:11.041Z"}
{"level":"info","message":"started search by phone number end-point","timestamp":"2015-03-08T06:42:21.028Z"}
{"level":"info","message":"started search by name end-point","timestamp":"2015-03-08T06:42:21.080Z"}
{"level":"info","message":"started search by address end-point","timestamp":"2015-03-08T06:42:21.120Z"}
{"level":"info","message":"started search by company end-point","timestamp":"2015-03-08T06:42:21.156Z"}
{"status":"200 OK","level":"info","message":"","timestamp":"2015-03-08T06:42:21.247Z"}
{"level":"info","message":"params Celgra","timestamp":"2015-03-08T06:42:21.248Z"}
{"level":"info","message":"started search by friends end-point","timestamp":"2015-03-08T06:42:21.249Z"}
{"level":"info","message":"starting the People GraphAPI","timestamp":"2015-03-08T06:45:14.038Z"}
{"level":"info","message":"connected to database","timestamp":"2015-03-08T06:45:14.054Z"}
{"level":"info","message":"calling the graph api","timestamp":"2015-03-08T06:45:14.109Z"}
{"level":"info","message":"Running the app on port 3000","timestamp":"2015-03-08T06:45:14.118Z"}
{"level":"info","message":"started search by phone number end-point","timestamp":"2015-03-08T06:45:19.877Z"}
{"status":"200 OK","level":"info","message":"","timestamp":"2015-03-08T06:45:19.929Z"}
{"level":"info","message":"params 805-532-3775","timestamp":"2015-03-08T06:45:19.930Z"}
{"level":"info","message":"started search by name end-point","timestamp":"2015-03-08T06:45:19.934Z"}
{"level":"info","message":"started search by address end-point","timestamp":"2015-03-08T06:45:19.973Z"}
{"level":"info","message":"started search by company end-point","timestamp":"2015-03-08T06:45:20.004Z"}
{"level":"info","message":"started search by friends end-point","timestamp":"2015-03-08T06:45:20.031Z"}
{"level":"info","message":"started search by phone number end-point","timestamp":"2015-03-08T06:45:39.312Z"}
{"level":"info","message":"started search by name end-point","timestamp":"2015-03-08T06:45:39.339Z"}
{"level":"info","message":"started search by address end-point","timestamp":"2015-03-08T06:45:39.384Z"}
{"status":"200 OK","level":"info","message":"","timestamp":"2015-03-08T06:45:39.418Z"}
{"level":"info","message":"params 30851, Fremont, Wooster Street","timestamp":"2015-03-08T06:45:39.419Z"}
{"level":"info","message":"started search by company end-point","timestamp":"2015-03-08T06:45:39.420Z"}
{"level":"info","message":"started search by friends end-point","timestamp":"2015-03-08T06:45:39.449Z"}
{"level":"info","message":"started search by company end-point","timestamp":"2015-03-08T06:46:04.613Z"}
{"status":"200 OK","level":"info","message":"","timestamp":"2015-03-08T06:46:04.733Z"}
{"level":"info","message":"params Celgra","timestamp":"2015-03-08T06:46:04.734Z"}
{"level":"info","message":"started search by phone number end-point","timestamp":"2015-03-08T06:46:19.060Z"}
{"status":"200 OK","level":"info","message":"","timestamp":"2015-03-08T06:46:19.089Z"}
{"level":"info","message":"params 805-532-3775","timestamp":"2015-03-08T06:46:19.090Z"}
{"level":"info","message":"starting the People GraphAPI","timestamp":"2015-03-08T08:43:05.443Z"}
{"level":"info","message":"connected to database","timestamp":"2015-03-08T08:43:05.459Z"}
{"level":"info","message":"calling the graph api","timestamp":"2015-03-08T08:43:05.912Z"}
{"level":"info","message":"Running the app on port 3000","timestamp":"2015-03-08T08:43:05.921Z"}
{"date":"Sun Mar 08 2015 11:43:05 GMT+0300 (EAT)","process":{"pid":3802,"uid":1000,"gid":1000,"cwd":"/home/oyugik/node/expresswebpages","execPath":"/usr/local/bin/node","version":"v0.10.29","argv":["node","/home/oyugik/node/expresswebpages/app.js"],"memoryUsage":{"rss":25526272,"heapTotal":18488448,"heapUsed":10493780}},"os":{"loadavg":[1.744140625,1.94287109375,1.04541015625],"uptime":435.598748007},"trace":[{"column":74,"file":"/home/oyugik/node/expresswebpages/node_modules/mongoose/node_modules/mongodb/lib/mongodb/connection/server.js","function":"","line":555,"method":null,"native":false},{"column":17,"file":"events.js","function":"emit","line":106,"method":null,"native":false},{"column":15,"file":"/home/oyugik/node/expresswebpages/node_modules/mongoose/node_modules/mongodb/lib/mongodb/connection/connection_pool.js","function":"","line":150,"method":null,"native":false},{"column":17,"file":"events.js","function":"emit","line":98,"method":null,"native":false},{"column":10,"file":"/home/oyugik/node/expresswebpages/node_modules/mongoose/node_modules/mongodb/lib/mongodb/connection/connection.js","function":"","line":534,"method":null,"native":false},{"column":17,"file":"events.js","function":"Socket.emit","line":95,"method":"emit","native":false},{"column":14,"file":"net.js","function":null,"line":440,"method":null,"native":false},{"column":13,"file":"node.js","function":"process._tickCallback","line":419,"method":"_tickCallback","native":false}],"stack":["Error: failed to connect to [localhost:27017]","    at null.<anonymous> (/home/oyugik/node/expresswebpages/node_modules/mongoose/node_modules/mongodb/lib/mongodb/connection/server.js:555:74)","    at emit (events.js:106:17)","    at null.<anonymous> (/home/oyugik/node/expresswebpages/node_modules/mongoose/node_modules/mongodb/lib/mongodb/connection/connection_pool.js:150:15)","    at emit (events.js:98:17)","    at Socket.<anonymous> (/home/oyugik/node/expresswebpages/node_modules/mongoose/node_modules/mongodb/lib/mongodb/connection/connection.js:534:10)","    at Socket.emit (events.js:95:17)","    at net.js:440:14","    at process._tickCallback (node.js:419:13)"],"level":"error","message":"uncaughtException: failed to connect to [localhost:27017]","timestamp":"2015-03-08T08:43:05.933Z"}
{"level":"info","message":"starting the People GraphAPI","timestamp":"2015-03-08T08:44:14.900Z"}
{"level":"info","message":"connected to database","timestamp":"2015-03-08T08:44:14.924Z"}
{"level":"info","message":"calling the graph api","timestamp":"2015-03-08T08:44:15.226Z"}
{"level":"info","message":"Running the app on port 3000","timestamp":"2015-03-08T08:44:15.235Z"}
{"level":"info","message":"started search by company end-point","timestamp":"2015-03-08T08:44:19.694Z"}
{"status":"200 OK","level":"info","message":"","timestamp":"2015-03-08T08:44:21.748Z"}
{"level":"info","message":"params Celgra","timestamp":"2015-03-08T08:44:21.749Z"}
{"level":"info","message":"starting the People GraphAPI","timestamp":"2018-12-24T12:34:29.600Z"}
{"level":"info","message":"connected to database","timestamp":"2018-12-24T12:34:29.637Z"}
{"level":"info","message":"authenticating api users","timestamp":"2018-12-24T12:34:29.941Z"}
{"date":"Mon Dec 24 2018 15:34:29 GMT+0300 (East Africa Time)","process":{"pid":91997,"uid":501,"gid":20,"cwd":"/Users/OyugiK/git/Modor-Search/graphAPI","execPath":"/usr/local/Cellar/node/11.5.0/bin/node","version":"v11.5.0","argv":["/usr/local/Cellar/node/11.5.0/bin/node","/Users/OyugiK/git/Modor-Search/graphAPI/app.js"],"memoryUsage":{"rss":49979392,"heapTotal":32718848,"heapUsed":20000776,"external":19690158}},"os":{"loadavg":[86.4462890625,37.40966796875,29.3876953125],"uptime":264600},"trace":[{"column":15,"file":"internal/modules/cjs/loader.js","function":"Function.Module._resolveFilename","line":603,"method":"Module._resolveFilename","native":false},{"column":25,"file":"internal/modules/cjs/loader.js","function":"Function.Module._load","line":529,"method":"Module._load","native":false},{"column":17,"file":"internal/modules/cjs/loader.js","function":"Module.require","line":657,"method":"require","native":false},{"column":18,"file":"internal/modules/cjs/helpers.js","function":"require","line":22,"method":null,"native":false},{"column":20,"file":"/Users/OyugiK/git/Modor-Search/graphAPI/app.js","function":"","line":41,"method":null,"native":false},{"column":30,"file":"internal/modules/cjs/loader.js","function":"Module._compile","line":721,"method":"_compile","native":false},{"column":10,"file":"internal/modules/cjs/loader.js","function":"Object.Module._extensions..js","line":732,"method":"Module._extensions..js","native":false},{"column":32,"file":"internal/modules/cjs/loader.js","function":"Module.load","line":620,"method":"load","native":false},{"column":12,"file":"internal/modules/cjs/loader.js","function":"tryModuleLoad","line":560,"method":null,"native":false},{"column":3,"file":"internal/modules/cjs/loader.js","function":"Function.Module._load","line":552,"method":"Module._load","native":false},{"column":12,"file":"internal/modules/cjs/loader.js","function":"Function.Module.runMain","line":774,"method":"Module.runMain","native":false},{"column":17,"file":"internal/bootstrap/node.js","function":"executeUserCode","line":342,"method":null,"native":false},{"column":5,"file":"internal/bootstrap/node.js","function":"startExecution","line":276,"method":null,"native":false},{"column":5,"file":"internal/bootstrap/node.js","function":"startup","line":227,"method":null,"native":false},{"column":3,"file":"internal/bootstrap/node.js","function":"bootstrapNodeJSCore","line":743,"method":null,"native":false}],"stack":["Error: Cannot find module 'passport-local'","    at Function.Module._resolveFilename (internal/modules/cjs/loader.js:603:15)","    at Function.Module._load (internal/modules/cjs/loader.js:529:25)","    at Module.require (internal/modules/cjs/loader.js:657:17)","    at require (internal/modules/cjs/helpers.js:22:18)","    at Object.<anonymous> (/Users/OyugiK/git/Modor-Search/graphAPI/app.js:41:20)","    at Module._compile (internal/modules/cjs/loader.js:721:30)","    at Object.Module._extensions..js (internal/modules/cjs/loader.js:732:10)","    at Module.load (internal/modules/cjs/loader.js:620:32)","    at tryModuleLoad (internal/modules/cjs/loader.js:560:12)","    at Function.Module._load (internal/modules/cjs/loader.js:552:3)","    at Function.Module.runMain (internal/modules/cjs/loader.js:774:12)","    at executeUserCode (internal/bootstrap/node.js:342:17)","    at startExecution (internal/bootstrap/node.js:276:5)","    at startup (internal/bootstrap/node.js:227:5)","    at bootstrapNodeJSCore (internal/bootstrap/node.js:743:3)"],"level":"error","message":"uncaughtException: Cannot find module 'passport-local'","timestamp":"2018-12-24T12:34:29.997Z"}
{"level":"info","message":"starting the People GraphAPI","timestamp":"2018-12-24T12:36:40.564Z"}
{"level":"info","message":"connected to database","timestamp":"2018-12-24T12:36:40.699Z"}
{"level":"info","message":"authenticating api users","timestamp":"2018-12-24T12:36:40.886Z"}
{"date":"Mon Dec 24 2018 15:36:40 GMT+0300 (East Africa Time)","process":{"pid":92532,"uid":501,"gid":20,"cwd":"/Users/OyugiK/git/Modor-Search/graphAPI","execPath":"/usr/local/Cellar/node/11.5.0/bin/node","version":"v11.5.0","argv":["/usr/local/Cellar/node/11.5.0/bin/node","/Users/OyugiK/git/Modor-Search/graphAPI/app.js"],"memoryUsage":{"rss":50036736,"heapTotal":33243136,"heapUsed":20006416,"external":19699916}},"os":{"loadavg":[14.4365234375,25.98681640625,25.93212890625],"uptime":264731},"trace":[{"column":15,"file":"internal/modules/cjs/loader.js","function":"Function.Module._resolveFilename","line":603,"method":"Module._resolveFilename","native":false},{"column":25,"file":"internal/modules/cjs/loader.js","function":"Function.Module._load","line":529,"method":"Module._load","native":false},{"column":17,"file":"internal/modules/cjs/loader.js","function":"Module.require","line":657,"method":"require","native":false},{"column":18,"file":"internal/modules/cjs/helpers.js","function":"require","line":22,"method":null,"native":false},{"column":18,"file":"/Users/OyugiK/git/Modor-Search/graphAPI/app.js","function":"","line":44,"method":null,"native":false},{"column":30,"file":"internal/modules/cjs/loader.js","function":"Module._compile","line":721,"method":"_compile","native":false},{"column":10,"file":"internal/modules/cjs/loader.js","function":"Object.Module._extensions..js","line":732,"method":"Module._extensions..js","native":false},{"column":32,"file":"internal/modules/cjs/loader.js","function":"Module.load","line":620,"method":"load","native":false},{"column":12,"file":"internal/modules/cjs/loader.js","function":"tryModuleLoad","line":560,"method":null,"native":false},{"column":3,"file":"internal/modules/cjs/loader.js","function":"Function.Module._load","line":552,"method":"Module._load","native":false},{"column":12,"file":"internal/modules/cjs/loader.js","function":"Function.Module.runMain","line":774,"method":"Module.runMain","native":false},{"column":17,"file":"internal/bootstrap/node.js","function":"executeUserCode","line":342,"method":null,"native":false},{"column":5,"file":"internal/bootstrap/node.js","function":"startExecution","line":276,"method":null,"native":false},{"column":5,"file":"internal/bootstrap/node.js","function":"startup","line":227,"method":null,"native":false},{"column":3,"file":"internal/bootstrap/node.js","function":"bootstrapNodeJSCore","line":743,"method":null,"native":false}],"stack":["Error: Cannot find module 'passport-local'","    at Function.Module._resolveFilename (internal/modules/cjs/loader.js:603:15)","    at Function.Module._load (internal/modules/cjs/loader.js:529:25)","    at Module.require (internal/modules/cjs/loader.js:657:17)","    at require (internal/modules/cjs/helpers.js:22:18)","    at Object.<anonymous> (/Users/OyugiK/git/Modor-Search/graphAPI/app.js:44:18)","    at Module._compile (internal/modules/cjs/loader.js:721:30)","    at Object.Module._extensions..js (internal/modules/cjs/loader.js:732:10)","    at Module.load (internal/modules/cjs/loader.js:620:32)","    at tryModuleLoad (internal/modules/cjs/loader.js:560:12)","    at Function.Module._load (internal/modules/cjs/loader.js:552:3)","    at Function.Module.runMain (internal/modules/cjs/loader.js:774:12)","    at executeUserCode (internal/bootstrap/node.js:342:17)","    at startExecution (internal/bootstrap/node.js:276:5)","    at startup (internal/bootstrap/node.js:227:5)","    at bootstrapNodeJSCore (internal/bootstrap/node.js:743:3)"],"level":"error","message":"uncaughtException: Cannot find module 'passport-local'","timestamp":"2018-12-24T12:36:40.904Z"}
{"level":"info","message":"starting the People GraphAPI","timestamp":"2018-12-24T12:36:55.480Z"}
{"level":"info","message":"connected to database","timestamp":"2018-12-24T12:36:55.507Z"}
{"level":"info","message":"authenticating api users","timestamp":"2018-12-24T12:36:55.747Z"}
{"date":"Mon Dec 24 2018 15:36:55 GMT+0300 (East Africa Time)","process":{"pid":92633,"uid":501,"gid":20,"cwd":"/Users/OyugiK/git/Modor-Search/graphAPI","execPath":"/usr/local/Cellar/node/11.5.0/bin/node","version":"v11.5.0","argv":["/usr/local/Cellar/node/11.5.0/bin/node","/Users/OyugiK/git/Modor-Search/graphAPI/app.js"],"memoryUsage":{"rss":50061312,"heapTotal":33243136,"heapUsed":20012880,"external":19699916}},"os":{"loadavg":[14.48193359375,25.431640625,25.734375],"uptime":264746},"trace":[{"column":15,"file":"internal/modules/cjs/loader.js","function":"Function.Module._resolveFilename","line":603,"method":"Module._resolveFilename","native":false},{"column":25,"file":"internal/modules/cjs/loader.js","function":"Function.Module._load","line":529,"method":"Module._load","native":false},{"column":17,"file":"internal/modules/cjs/loader.js","function":"Module.require","line":657,"method":"require","native":false},{"column":18,"file":"internal/modules/cjs/helpers.js","function":"require","line":22,"method":null,"native":false},{"column":18,"file":"/Users/OyugiK/git/Modor-Search/graphAPI/app.js","function":"","line":44,"method":null,"native":false},{"column":30,"file":"internal/modules/cjs/loader.js","function":"Module._compile","line":721,"method":"_compile","native":false},{"column":10,"file":"internal/modules/cjs/loader.js","function":"Object.Module._extensions..js","line":732,"method":"Module._extensions..js","native":false},{"column":32,"file":"internal/modules/cjs/loader.js","function":"Module.load","line":620,"method":"load","native":false},{"column":12,"file":"internal/modules/cjs/loader.js","function":"tryModuleLoad","line":560,"method":null,"native":false},{"column":3,"file":"internal/modules/cjs/loader.js","function":"Function.Module._load","line":552,"method":"Module._load","native":false},{"column":12,"file":"internal/modules/cjs/loader.js","function":"Function.Module.runMain","line":774,"method":"Module.runMain","native":false},{"column":17,"file":"internal/bootstrap/node.js","function":"executeUserCode","line":342,"method":null,"native":false},{"column":5,"file":"internal/bootstrap/node.js","function":"startExecution","line":276,"method":null,"native":false},{"column":5,"file":"internal/bootstrap/node.js","function":"startup","line":227,"method":null,"native":false},{"column":3,"file":"internal/bootstrap/node.js","function":"bootstrapNodeJSCore","line":743,"method":null,"native":false}],"stack":["Error: Cannot find module 'passport-local'","    at Function.Module._resolveFilename (internal/modules/cjs/loader.js:603:15)","    at Function.Module._load (internal/modules/cjs/loader.js:529:25)","    at Module.require (internal/modules/cjs/loader.js:657:17)","    at require (internal/modules/cjs/helpers.js:22:18)","    at Object.<anonymous> (/Users/OyugiK/git/Modor-Search/graphAPI/app.js:44:18)","    at Module._compile (internal/modules/cjs/loader.js:721:30)","    at Object.Module._extensions..js (internal/modules/cjs/loader.js:732:10)","    at Module.load (internal/modules/cjs/loader.js:620:32)","    at tryModuleLoad (internal/modules/cjs/loader.js:560:12)","    at Function.Module._load (internal/modules/cjs/loader.js:552:3)","    at Function.Module.runMain (internal/modules/cjs/loader.js:774:12)","    at executeUserCode (internal/bootstrap/node.js:342:17)","    at startExecution (internal/bootstrap/node.js:276:5)","    at startup (internal/bootstrap/node.js:227:5)","    at bootstrapNodeJSCore (internal/bootstrap/node.js:743:3)"],"level":"error","message":"uncaughtException: Cannot find module 'passport-local'","timestamp":"2018-12-24T12:36:55.763Z"}
